<?xml version="1.0" encoding="UTF-8"?>
<!-- Generated by org.testng.reporters.JUnitReportReporter -->
<testsuite hostname="SAK-LAPPDC262" failures="0" tests="9" name="com.sauce.functionalities.SauceTestCheckout" time="5.528" errors="0" timestamp="2024-11-11T13:55:39 IST" skipped="0">
  <testcase classname="com.sauce.functionalities.SauceTestCheckout" name="testLogout" time="0.466">
    <system-out>
      <![CDATA[Test started: testLogout
Test passed: testLogout with status: 1]]>
    </system-out>
  </testcase> <!-- testLogout -->
  <testcase classname="com.sauce.functionalities.SauceTestCheckout" name="doCheckout" time="0.638">
    <system-out>
      <![CDATA[Test started: doCheckout
Test passed: doCheckout with status: 1]]>
    </system-out>
  </testcase> <!-- doCheckout -->
  <testcase classname="com.sauce.functionalities.SauceTestCheckout" name="doCheckout" time="0.895">
    <system-out>
      <![CDATA[Test started: doCheckout
Test passed: doCheckout with status: 1]]>
    </system-out>
  </testcase> <!-- doCheckout -->
  <testcase classname="com.sauce.functionalities.SauceTestCheckout" name="doCheckout" time="0.667">
    <system-out>
      <![CDATA[Test started: doCheckout
Test passed: doCheckout with status: 1]]>
    </system-out>
  </testcase> <!-- doCheckout -->
  <testcase classname="com.sauce.functionalities.SauceTestCheckout" name="testLogout" time="0.215">
    <system-out>
      <![CDATA[Test started: testLogout
Test passed: testLogout with status: 1]]>
    </system-out>
  </testcase> <!-- testLogout -->
  <testcase classname="com.sauce.functionalities.SauceTestCheckout" name="testLogout" time="2.120">
    <system-out>
      <![CDATA[Test started: testLogout
Test passed: testLogout with status: 1]]>
    </system-out>
  </testcase> <!-- testLogout -->
  <testcase classname="com.sauce.functionalities.SauceTestCheckout" name="finishOrCancelCheckout" time="0.189">
    <system-out>
      <![CDATA[Test started: finishOrCancelCheckout
Test passed: finishOrCancelCheckout with status: 1]]>
    </system-out>
  </testcase> <!-- finishOrCancelCheckout -->
  <testcase classname="com.sauce.functionalities.SauceTestCheckout" name="finishOrCancelCheckout" time="0.154">
    <system-out>
      <![CDATA[Test started: finishOrCancelCheckout
Test passed: finishOrCancelCheckout with status: 1]]>
    </system-out>
  </testcase> <!-- finishOrCancelCheckout -->
  <testcase classname="com.sauce.functionalities.SauceTestCheckout" name="finishOrCancelCheckout" time="0.184">
    <system-out>
      <![CDATA[Test started: finishOrCancelCheckout
Test passed: finishOrCancelCheckout with status: 1]]>
    </system-out>
  </testcase> <!-- finishOrCancelCheckout -->
  <system-out>
    <![CDATA[Test started: testLogin
Test passed: testLogin with status: 1
Test started: addCartFunctionality
Test passed: addCartFunctionality with status: 1
Test started: continueShopping
Test started: testLogin
Test passed: continueShopping with status: 1
Test started: doCheckout
Test passed: testLogin with status: 1
Test started: addCartFunctionality
Test started: testLogin
Test passed: doCheckout with status: 1
Test started: finishOrCancelCheckout
Test passed: finishOrCancelCheckout with status: 1
Test started: testLogout
Test passed: testLogout with status: 1
Test passed: testLogin with status: 1
Test started: addCartFunctionality
Test passed: addCartFunctionality with status: 1
Test started: continueShopping
Test passed: continueShopping with status: 1
Test started: doCheckout
Test passed: addCartFunctionality with status: 1
Test started: continueShopping
Test passed: continueShopping with status: 1
Test passed: doCheckout with status: 1
Test started: doCheckout
Test started: finishOrCancelCheckout
Test passed: finishOrCancelCheckout with status: 1
Test started: testLogout
Test passed: doCheckout with status: 1
Test started: finishOrCancelCheckout
Test passed: finishOrCancelCheckout with status: 1
Test started: testLogout
Test passed: testLogout with status: 1
Test passed: testLogout with status: 1]]>
  </system-out>
</testsuite> <!-- com.sauce.functionalities.SauceTestCheckout -->
