<?xml version="1.0" encoding="UTF-8"?>
<!-- Generated by org.testng.reporters.JUnitReportReporter -->
<testsuite hostname="SAK-LAPPDC262" failures="0" tests="3" name="com.sauce.functionalities.SauceTestCheckout" time="3.102" errors="0" timestamp="2024-11-08T09:46:51 IST" skipped="0">
  <testcase classname="com.sauce.functionalities.SauceTestCheckout" name="doCheckout" time="0.760">
    <system-out>
      <![CDATA[Test started: doCheckout
Test passed: doCheckout with status: 1]]>
    </system-out>
  </testcase> <!-- doCheckout -->
  <testcase classname="com.sauce.functionalities.SauceTestCheckout" name="finishOrCancelCheckout" time="0.168">
    <system-out>
      <![CDATA[Test started: finishOrCancelCheckout
Test passed: finishOrCancelCheckout with status: 1]]>
    </system-out>
  </testcase> <!-- finishOrCancelCheckout -->
  <testcase classname="com.sauce.functionalities.SauceTestCheckout" name="testLogout" time="2.174">
    <system-out>
      <![CDATA[Test started: testLogout
Test passed: testLogout with status: 1]]>
    </system-out>
  </testcase> <!-- testLogout -->
  <system-out>
    <![CDATA[Test started: testLogin
Test passed: testLogin with status: 1
Test started: addCartFunctionality
Test passed: addCartFunctionality with status: 1
Test started: continueShopping
Test passed: continueShopping with status: 1
Test started: doCheckout
Test passed: doCheckout with status: 1
Test started: finishOrCancelCheckout
Test passed: finishOrCancelCheckout with status: 1
Test started: testLogout
Test passed: testLogout with status: 1]]>
  </system-out>
</testsuite> <!-- com.sauce.functionalities.SauceTestCheckout -->
