<?xml version="1.0" encoding="UTF-8"?>
<!-- Generated by org.testng.reporters.JUnitReportReporter -->
<testsuite hostname="SAK-LAPPDC262" failures="0" tests="6" name="com.sauce.functionalities.SauceTestAddToCart" time="3.527" errors="0" timestamp="2024-11-11T13:55:39 IST" skipped="0">
  <testcase classname="com.sauce.functionalities.SauceTestAddToCart" name="addCartFunctionality" time="0.719">
    <system-out>
      <![CDATA[Test started: addCartFunctionality
Test passed: addCartFunctionality with status: 1]]>
    </system-out>
  </testcase> <!-- addCartFunctionality -->
  <testcase classname="com.sauce.functionalities.SauceTestAddToCart" name="continueShopping" time="0.173">
    <system-out>
      <![CDATA[Test started: continueShopping
Test passed: continueShopping with status: 1]]>
    </system-out>
  </testcase> <!-- continueShopping -->
  <testcase classname="com.sauce.functionalities.SauceTestAddToCart" name="addCartFunctionality" time="1.221">
    <system-out>
      <![CDATA[Test started: addCartFunctionality
Test passed: addCartFunctionality with status: 1]]>
    </system-out>
  </testcase> <!-- addCartFunctionality -->
  <testcase classname="com.sauce.functionalities.SauceTestAddToCart" name="continueShopping" time="0.224">
    <system-out>
      <![CDATA[Test started: continueShopping
Test passed: continueShopping with status: 1]]>
    </system-out>
  </testcase> <!-- continueShopping -->
  <testcase classname="com.sauce.functionalities.SauceTestAddToCart" name="continueShopping" time="0.202">
    <system-out>
      <![CDATA[Test started: continueShopping
Test passed: continueShopping with status: 1]]>
    </system-out>
  </testcase> <!-- continueShopping -->
  <testcase classname="com.sauce.functionalities.SauceTestAddToCart" name="addCartFunctionality" time="0.988">
    <system-out>
      <![CDATA[Test started: addCartFunctionality
Test passed: addCartFunctionality with status: 1]]>
    </system-out>
  </testcase> <!-- addCartFunctionality -->
  <system-out>
    <![CDATA[Test started: testLogin
Test passed: testLogin with status: 1
Test started: addCartFunctionality
Test passed: addCartFunctionality with status: 1
Test started: continueShopping
Test started: testLogin
Test passed: continueShopping with status: 1
Test started: doCheckout
Test passed: testLogin with status: 1
Test started: addCartFunctionality
Test started: testLogin
Test passed: doCheckout with status: 1
Test started: finishOrCancelCheckout
Test passed: finishOrCancelCheckout with status: 1
Test started: testLogout
Test passed: testLogout with status: 1
Test passed: testLogin with status: 1
Test started: addCartFunctionality
Test passed: addCartFunctionality with status: 1
Test started: continueShopping
Test passed: continueShopping with status: 1
Test started: doCheckout
Test passed: addCartFunctionality with status: 1
Test started: continueShopping
Test passed: continueShopping with status: 1
Test passed: doCheckout with status: 1
Test started: doCheckout
Test started: finishOrCancelCheckout
Test passed: finishOrCancelCheckout with status: 1
Test started: testLogout
Test passed: doCheckout with status: 1
Test started: finishOrCancelCheckout
Test passed: finishOrCancelCheckout with status: 1
Test started: testLogout
Test passed: testLogout with status: 1
Test passed: testLogout with status: 1]]>
  </system-out>
</testsuite> <!-- com.sauce.functionalities.SauceTestAddToCart -->
