<?xml version="1.0" encoding="UTF-8"?>
<!-- Generated by org.testng.reporters.JUnitReportReporter -->
<testsuite hostname="SAK-LAPPDC262" failures="0" tests="3" name="com.sauce.functionalities.SauceTestLoginLogout" time="1.835" errors="0" timestamp="2024-11-11T13:55:39 IST" skipped="0">
  <testcase classname="com.sauce.functionalities.SauceTestLoginLogout" name="testLogin" time="0.483">
    <system-out>
      <![CDATA[Test started: testLogin
Test passed: testLogin with status: 1]]>
    </system-out>
  </testcase> <!-- testLogin -->
  <testcase classname="com.sauce.functionalities.SauceTestLoginLogout" name="testLogin" time="0.904">
    <system-out>
      <![CDATA[Test started: testLogin
Test passed: testLogin with status: 1]]>
    </system-out>
  </testcase> <!-- testLogin -->
  <testcase classname="com.sauce.functionalities.SauceTestLoginLogout" name="testLogin" time="0.448">
    <system-out>
      <![CDATA[Test started: testLogin
Test passed: testLogin with status: 1]]>
    </system-out>
  </testcase> <!-- testLogin -->
  <system-out>
    <![CDATA[Test started: testLogin
Test passed: testLogin with status: 1
Test started: addCartFunctionality
Test passed: addCartFunctionality with status: 1
Test started: continueShopping
Test started: testLogin
Test passed: continueShopping with status: 1
Test started: doCheckout
Test passed: testLogin with status: 1
Test started: addCartFunctionality
Test started: testLogin
Test passed: doCheckout with status: 1
Test started: finishOrCancelCheckout
Test passed: finishOrCancelCheckout with status: 1
Test started: testLogout
Test passed: testLogout with status: 1
Test passed: testLogin with status: 1
Test started: addCartFunctionality
Test passed: addCartFunctionality with status: 1
Test started: continueShopping
Test passed: continueShopping with status: 1
Test started: doCheckout
Test passed: addCartFunctionality with status: 1
Test started: continueShopping
Test passed: continueShopping with status: 1
Test passed: doCheckout with status: 1
Test started: doCheckout
Test started: finishOrCancelCheckout
Test passed: finishOrCancelCheckout with status: 1
Test started: testLogout
Test passed: doCheckout with status: 1
Test started: finishOrCancelCheckout
Test passed: finishOrCancelCheckout with status: 1
Test started: testLogout
Test passed: testLogout with status: 1
Test passed: testLogout with status: 1]]>
  </system-out>
</testsuite> <!-- com.sauce.functionalities.SauceTestLoginLogout -->
